# JRE version: OpenJDK Runtime Environment (16.0.1+9) (build 16.0.1+9-24)
# Java VM: OpenJDK 64-Bit Server VM (16.0.1+9-24, mixed mode, tiered, compressed oops, compressed class ptrs, g1 gc, windows-amd64)
GC Precious Log:
 CPUs: 12 total, 12 available
 Memory: 16234M
 Large Page Support: Disabled
 NUMA Support: Disabled
 Compressed Oops: Enabled (Zero based)
 Heap Region Size: 2M
 Heap Min Capacity: 8M
 Heap Initial Capacity: 254M
 Heap Max Capacity: 4060M
 Pre-touch: Disabled
 Parallel Workers: 10
 Concurrent Workers: 3
 Concurrent Refinement Workers: 10
 Periodic GC: Disabled
Heap:
 garbage-first heap   total 301056K, used 255495K [0x0000000702400000, 0x0000000800000000)
  region size 2048K, 1 young (2048K), 1 survivors (2048K)
 Metaspace       used 14682K, committed 14912K, reserved 1064960K
  class space    used 1366K, committed 1472K, reserved 1048576K
GC Heap History (15 events):
Event: 14.173 GC heap before
{Heap before GC invocations=0 (full 0):
 garbage-first heap   total 260096K, used 22528K [0x0000000702400000, 0x0000000800000000)
  region size 2048K, 11 young (22528K), 0 survivors (0K)
 Metaspace       used 14373K, committed 14592K, reserved 1064960K
  class space    used 1346K, committed 1472K, reserved 1048576K
}
Event: 14.177 GC heap after
{Heap after GC invocations=1 (full 0):
 garbage-first heap   total 260096K, used 2957K [0x0000000702400000, 0x0000000800000000)
  region size 2048K, 2 young (4096K), 2 survivors (4096K)
 Metaspace       used 14373K, committed 14592K, reserved 1064960K
  class space    used 1346K, committed 1472K, reserved 1048576K
}
Event: 17.499 GC heap before
{Heap before GC invocations=1 (full 0):
 garbage-first heap   total 260096K, used 35725K [0x0000000702400000, 0x0000000800000000)
  region size 2048K, 18 young (36864K), 2 survivors (4096K)
 Metaspace       used 14426K, committed 14656K, reserved 1064960K
  class space    used 1348K, committed 1472K, reserved 1048576K
}
Event: 17.504 GC heap after
{Heap after GC invocations=2 (full 0):
 garbage-first heap   total 260096K, used 4341K [0x0000000702400000, 0x0000000800000000)
  region size 2048K, 3 young (6144K), 3 survivors (6144K)
 Metaspace       used 14426K, committed 14656K, reserved 1064960K
  class space    used 1348K, committed 1472K, reserved 1048576K
}
Event: 340.992 GC heap before
{Heap before GC invocations=2 (full 0):
 garbage-first heap   total 260096K, used 186613K [0x0000000702400000, 0x0000000800000000)
  region size 2048K, 76 young (155648K), 3 survivors (6144K)
 Metaspace       used 14680K, committed 14912K, reserved 1064960K
  class space    used 1366K, committed 1472K, reserved 1048576K
}
Event: 341.026 GC heap after
{Heap after GC invocations=3 (full 0):
 garbage-first heap   total 301056K, used 145180K [0x0000000702400000, 0x0000000800000000)
  region size 2048K, 10 young (20480K), 10 survivors (20480K)
 Metaspace       used 14680K, committed 14912K, reserved 1064960K
  class space    used 1366K, committed 1472K, reserved 1048576K
}
Event: 341.033 GC heap before
{Heap before GC invocations=3 (full 0):
 garbage-first heap   total 301056K, used 184092K [0x0000000702400000, 0x0000000800000000)
  region size 2048K, 30 young (61440K), 10 survivors (20480K)
 Metaspace       used 14682K, committed 14912K, reserved 1064960K
  class space    used 1366K, committed 1472K, reserved 1048576K
}
Event: 341.042 GC heap after
{Heap after GC invocations=4 (full 0):
 garbage-first heap   total 301056K, used 186257K [0x0000000702400000, 0x0000000800000000)
  region size 2048K, 4 young (8192K), 4 survivors (8192K)
 Metaspace       used 14682K, committed 14912K, reserved 1064960K
  class space    used 1366K, committed 1472K, reserved 1048576K
}
Event: 341.047 GC heap before
{Heap before GC invocations=4 (full 0):
 garbage-first heap   total 301056K, used 208785K [0x0000000702400000, 0x0000000800000000)
  region size 2048K, 16 young (32768K), 4 survivors (8192K)
 Metaspace       used 14682K, committed 14912K, reserved 1064960K
  class space    used 1366K, committed 1472K, reserved 1048576K
}
Event: 341.051 GC heap after
{Heap after GC invocations=5 (full 0):
 garbage-first heap   total 301056K, used 212312K [0x0000000702400000, 0x0000000800000000)
  region size 2048K, 2 young (4096K), 2 survivors (4096K)
 Metaspace       used 14682K, committed 14912K, reserved 1064960K
  class space    used 1366K, committed 1472K, reserved 1048576K
}
Event: 341.054 GC heap before
{Heap before GC invocations=5 (full 0):
 garbage-first heap   total 301056K, used 226648K [0x0000000702400000, 0x0000000800000000)
  region size 2048K, 10 young (20480K), 2 survivors (4096K)
 Metaspace       used 14682K, committed 14912K, reserved 1064960K
  class space    used 1366K, committed 1472K, reserved 1048576K
}
Event: 341.056 GC heap after
{Heap after GC invocations=6 (full 0):
 garbage-first heap   total 301056K, used 230063K [0x0000000702400000, 0x0000000800000000)
  region size 2048K, 2 young (4096K), 2 survivors (4096K)
 Metaspace       used 14682K, committed 14912K, reserved 1064960K
  class space    used 1366K, committed 1472K, reserved 1048576K
}
Event: 341.059 GC heap before
{Heap before GC invocations=6 (full 0):
 garbage-first heap   total 301056K, used 238255K [0x0000000702400000, 0x0000000800000000)
  region size 2048K, 7 young (14336K), 2 survivors (4096K)
 Metaspace       used 14682K, committed 14912K, reserved 1064960K
  class space    used 1366K, committed 1472K, reserved 1048576K
}
Event: 341.060 GC heap after
{Heap after GC invocations=7 (full 0):
 garbage-first heap   total 301056K, used 241664K [0x0000000702400000, 0x0000000800000000)
  region size 2048K, 1 young (2048K), 1 survivors (2048K)
 Metaspace       used 14682K, committed 14912K, reserved 1064960K
  class space    used 1366K, committed 1472K, reserved 1048576K
}
Event: 341.064 GC heap before
{Heap before GC invocations=7 (full 0):
 garbage-first heap   total 301056K, used 251904K [0x0000000702400000, 0x0000000800000000)
  region size 2048K, 7 young (14336K), 1 survivors (2048K)
 Metaspace       used 14682K, committed 14912K, reserved 1064960K
  class space    used 1366K, committed 1472K, reserved 1048576K
}

